[2025-05-29 14:20:35] GET /index.html -> 200
[2025-05-29 14:20:35] GET /css/style.css -> 404
[2025-05-29 14:20:35] GET /favicon.ico -> 404
[2025-05-29 14:20:45] GET /contact.html -> 404
[2025-05-29 14:20:50] GET /about.html -> 404
[2025-05-29 14:27:26] GET /index.html -> 200
[2025-05-29 14:27:26] GET /images/tua_immagine.jpg -> 404
[2025-05-29 14:27:26] GET /css/style.css -> 200
[2025-05-29 14:28:21] GET /index.html -> 200
[2025-05-29 14:28:21] GET /css/style.css -> 200
[2025-05-29 14:28:21] GET /images/tua_immagine.jpg -> 404
[2025-05-29 14:29:27] GET /index.html -> 200
[2025-05-29 14:29:27] GET /images/th.jpg -> 200
[2025-05-29 14:29:27] GET /css/style.css -> 200
[2025-05-29 14:29:30] GET /contact.html -> 404
[2025-05-29 14:31:10] GET /index.html -> 200
[2025-05-29 14:31:10] GET /css/style.css -> 200
[2025-05-29 14:31:11] GET /images/th.jpg -> 200
[2025-05-29 14:31:11] GET /favicon.ico -> 404
[2025-05-29 14:31:12] GET /about.html -> 404
[2025-05-29 14:31:14] GET /contact.html -> 404
[2025-05-29 14:39:09] GET /index.html -> 200
[2025-05-29 14:39:09] GET /css/style.css -> 200
[2025-05-29 14:39:09] GET /images/th.jpg -> 200
[2025-05-29 14:39:09] GET /favicon.ico -> 404
[2025-05-29 14:39:11] GET /about.html -> 200
[2025-05-29 14:39:12] GET /style.css -> 404
[2025-05-29 14:39:23] GET /contatti.html -> 404
[2025-05-29 14:39:30] GET /index.html -> 200
[2025-05-29 14:39:31] GET /css/style.css -> 200
[2025-05-29 14:39:31] GET /images/th.jpg -> 200
[2025-05-29 14:39:32] GET /contact.html -> 200
[2025-05-29 14:39:33] GET /style.css -> 404
[2025-05-29 14:39:37] GET /index.html -> 200
[2025-05-29 14:39:37] GET /css/style.css -> 200
[2025-05-29 14:39:37] GET /images/th.jpg -> 200
[2025-05-29 14:39:39] GET /contact.html -> 200
[2025-05-29 14:39:39] GET /style.css -> 404
[2025-05-29 14:39:44] GET /index.html -> 200
[2025-05-29 14:39:44] GET /css/style.css -> 200
[2025-05-29 14:39:44] GET /images/th.jpg -> 200
[2025-05-29 14:39:53] GET /contact.html -> 200
[2025-05-29 14:39:53] GET /style.css -> 404
[2025-05-29 15:20:41] GET /index.html -> 200
[2025-05-29 15:20:41] GET /css/style.css -> 200
[2025-05-29 15:20:41] GET /images/th.jpg -> 200
[2025-05-29 15:20:41] GET /favicon.ico -> 404
[2025-05-29 15:20:43] GET /about.html -> 200
[2025-05-29 15:20:43] GET /style.css -> 404
[2025-05-29 15:20:50] GET /contact.html -> 200
[2025-05-29 15:20:50] GET /style.css -> 404
[2025-05-29 15:21:02] GET /index.html -> 200
[2025-05-29 15:21:02] GET /css/style.css -> 200
[2025-05-29 15:21:02] GET /images/th.jpg -> 200
